{"/Users/reon.rash/Documents/StregthN/app.js": {"path":"/Users/reon.rash/Documents/StregthN/app.js","statementMap":{"0":{"start":{"line":1,"column":16},"end":{"line":1,"column":34}},"1":{"start":{"line":2,"column":13},"end":{"line":2,"column":28}},"2":{"start":{"line":4,"column":12},"end":{"line":4,"column":21}},"3":{"start":{"line":5,"column":18},"end":{"line":5,"column":45}},"4":{"start":{"line":6,"column":19},"end":{"line":6,"column":52}},"5":{"start":{"line":7,"column":18},"end":{"line":7,"column":43}},"6":{"start":{"line":10,"column":0},"end":{"line":10,"column":16}},"7":{"start":{"line":11,"column":0},"end":{"line":11,"column":24}},"8":{"start":{"line":13,"column":0},"end":{"line":13,"column":28}},"9":{"start":{"line":14,"column":0},"end":{"line":14,"column":30}},"10":{"start":{"line":15,"column":0},"end":{"line":15,"column":28}},"11":{"start":{"line":16,"column":0},"end":{"line":18,"column":3}},"12":{"start":{"line":17,"column":4},"end":{"line":17,"column":31}},"13":{"start":{"line":20,"column":0},"end":{"line":20,"column":21}}},"fnMap":{"0":{"name":"(anonymous_0)","decl":{"start":{"line":16,"column":13},"end":{"line":16,"column":14}},"loc":{"start":{"line":16,"column":27},"end":{"line":18,"column":1}},"line":16}},"branchMap":{},"s":{"0":1,"1":1,"2":1,"3":1,"4":1,"5":1,"6":1,"7":1,"8":1,"9":1,"10":1,"11":1,"12":0,"13":1},"f":{"0":0},"b":{},"_coverageSchema":"1a1c01bbd47fc00a2c39e90264f33305004495a9","hash":"084f5794b4f5886927f1ebc60c2e9cc21555f386"}
,"/Users/reon.rash/Documents/StregthN/db.js": {"path":"/Users/reon.rash/Documents/StregthN/db.js","statementMap":{"0":{"start":{"line":1,"column":15},"end":{"line":1,"column":28}},"1":{"start":{"line":3,"column":13},"end":{"line":9,"column":2}},"2":{"start":{"line":12,"column":0},"end":{"line":12,"column":22}}},"fnMap":{},"branchMap":{},"s":{"0":1,"1":1,"2":1},"f":{},"b":{},"_coverageSchema":"1a1c01bbd47fc00a2c39e90264f33305004495a9","hash":"9df32f1df0353e7aad4a36d145c1014c28745d45"}
,"/Users/reon.rash/Documents/StregthN/jwtGenerator.js": {"path":"/Users/reon.rash/Documents/StregthN/jwtGenerator.js","statementMap":{"0":{"start":{"line":1,"column":12},"end":{"line":1,"column":35}},"1":{"start":{"line":3,"column":21},"end":{"line":10,"column":1}},"2":{"start":{"line":4,"column":20},"end":{"line":8,"column":5}},"3":{"start":{"line":9,"column":4},"end":{"line":9,"column":59}},"4":{"start":{"line":12,"column":0},"end":{"line":12,"column":30}}},"fnMap":{"0":{"name":"(anonymous_0)","decl":{"start":{"line":3,"column":21},"end":{"line":3,"column":22}},"loc":{"start":{"line":3,"column":33},"end":{"line":10,"column":1}},"line":3}},"branchMap":{},"s":{"0":1,"1":1,"2":2,"3":2,"4":1},"f":{"0":2},"b":{},"_coverageSchema":"1a1c01bbd47fc00a2c39e90264f33305004495a9","hash":"fd75005ba5c0dadb5499361a48b070299ecc3869"}
,"/Users/reon.rash/Documents/StregthN/middleware/authorization.js": {"path":"/Users/reon.rash/Documents/StregthN/middleware/authorization.js","statementMap":{"0":{"start":{"line":1,"column":12},"end":{"line":1,"column":35}},"1":{"start":{"line":3,"column":22},"end":{"line":19,"column":1}},"2":{"start":{"line":4,"column":4},"end":{"line":17,"column":5}},"3":{"start":{"line":5,"column":25},"end":{"line":5,"column":44}},"4":{"start":{"line":6,"column":8},"end":{"line":8,"column":9}},"5":{"start":{"line":7,"column":12},"end":{"line":7,"column":64}},"6":{"start":{"line":9,"column":24},"end":{"line":9,"column":65}},"7":{"start":{"line":10,"column":8},"end":{"line":10,"column":28}},"8":{"start":{"line":11,"column":8},"end":{"line":11,"column":32}},"9":{"start":{"line":12,"column":8},"end":{"line":12,"column":15}},"10":{"start":{"line":15,"column":8},"end":{"line":15,"column":33}},"11":{"start":{"line":16,"column":8},"end":{"line":16,"column":61}},"12":{"start":{"line":21,"column":0},"end":{"line":21,"column":31}}},"fnMap":{"0":{"name":"(anonymous_0)","decl":{"start":{"line":3,"column":22},"end":{"line":3,"column":23}},"loc":{"start":{"line":3,"column":47},"end":{"line":19,"column":1}},"line":3}},"branchMap":{"0":{"loc":{"start":{"line":6,"column":8},"end":{"line":8,"column":9}},"type":"if","locations":[{"start":{"line":6,"column":8},"end":{"line":8,"column":9}},{"start":{},"end":{}}],"line":6}},"s":{"0":1,"1":1,"2":7,"3":7,"4":7,"5":1,"6":6,"7":6,"8":6,"9":6,"10":0,"11":0,"12":1},"f":{"0":7},"b":{"0":[1,6]},"_coverageSchema":"1a1c01bbd47fc00a2c39e90264f33305004495a9","hash":"2e051bf51baab6e8735f134c4993dedfee417565"}
,"/Users/reon.rash/Documents/StregthN/middleware/validInfo.js": {"path":"/Users/reon.rash/Documents/StregthN/middleware/validInfo.js","statementMap":{"0":{"start":{"line":2,"column":18},"end":{"line":35,"column":1}},"1":{"start":{"line":3,"column":46},"end":{"line":3,"column":54}},"2":{"start":{"line":6,"column":6},"end":{"line":6,"column":77}},"3":{"start":{"line":9,"column":6},"end":{"line":9,"column":41}},"4":{"start":{"line":12,"column":4},"end":{"line":12,"column":25}},"5":{"start":{"line":13,"column":15},"end":{"line":13,"column":23}},"6":{"start":{"line":14,"column":4},"end":{"line":16,"column":5}},"7":{"start":{"line":15,"column":6},"end":{"line":15,"column":30}},"8":{"start":{"line":17,"column":4},"end":{"line":17,"column":22}},"9":{"start":{"line":19,"column":4},"end":{"line":32,"column":5}},"10":{"start":{"line":20,"column":6},"end":{"line":20,"column":41}},"11":{"start":{"line":21,"column":6},"end":{"line":25,"column":7}},"12":{"start":{"line":22,"column":8},"end":{"line":22,"column":61}},"13":{"start":{"line":23,"column":13},"end":{"line":25,"column":7}},"14":{"start":{"line":24,"column":8},"end":{"line":24,"column":53}},"15":{"start":{"line":26,"column":11},"end":{"line":32,"column":5}},"16":{"start":{"line":27,"column":6},"end":{"line":31,"column":7}},"17":{"start":{"line":28,"column":8},"end":{"line":28,"column":61}},"18":{"start":{"line":29,"column":13},"end":{"line":31,"column":7}},"19":{"start":{"line":30,"column":8},"end":{"line":30,"column":53}},"20":{"start":{"line":34,"column":4},"end":{"line":34,"column":11}},"21":{"start":{"line":37,"column":0},"end":{"line":37,"column":27}}},"fnMap":{"0":{"name":"(anonymous_0)","decl":{"start":{"line":2,"column":18},"end":{"line":2,"column":19}},"loc":{"start":{"line":2,"column":38},"end":{"line":35,"column":1}},"line":2},"1":{"name":"validEmail","decl":{"start":{"line":5,"column":13},"end":{"line":5,"column":23}},"loc":{"start":{"line":5,"column":35},"end":{"line":7,"column":5}},"line":5},"2":{"name":"isBlank","decl":{"start":{"line":8,"column":13},"end":{"line":8,"column":20}},"loc":{"start":{"line":8,"column":26},"end":{"line":10,"column":5}},"line":8}},"branchMap":{"0":{"loc":{"start":{"line":9,"column":14},"end":{"line":9,"column":39}},"type":"binary-expr","locations":[{"start":{"line":9,"column":14},"end":{"line":9,"column":18}},{"start":{"line":9,"column":22},"end":{"line":9,"column":39}}],"line":9},"1":{"loc":{"start":{"line":14,"column":4},"end":{"line":16,"column":5}},"type":"if","locations":[{"start":{"line":14,"column":4},"end":{"line":16,"column":5}},{"start":{},"end":{}}],"line":14},"2":{"loc":{"start":{"line":19,"column":4},"end":{"line":32,"column":5}},"type":"if","locations":[{"start":{"line":19,"column":4},"end":{"line":32,"column":5}},{"start":{"line":26,"column":11},"end":{"line":32,"column":5}}],"line":19},"3":{"loc":{"start":{"line":21,"column":6},"end":{"line":25,"column":7}},"type":"if","locations":[{"start":{"line":21,"column":6},"end":{"line":25,"column":7}},{"start":{"line":23,"column":13},"end":{"line":25,"column":7}}],"line":21},"4":{"loc":{"start":{"line":23,"column":13},"end":{"line":25,"column":7}},"type":"if","locations":[{"start":{"line":23,"column":13},"end":{"line":25,"column":7}},{"start":{},"end":{}}],"line":23},"5":{"loc":{"start":{"line":26,"column":11},"end":{"line":32,"column":5}},"type":"if","locations":[{"start":{"line":26,"column":11},"end":{"line":32,"column":5}},{"start":{},"end":{}}],"line":26},"6":{"loc":{"start":{"line":27,"column":6},"end":{"line":31,"column":7}},"type":"if","locations":[{"start":{"line":27,"column":6},"end":{"line":31,"column":7}},{"start":{"line":29,"column":13},"end":{"line":31,"column":7}}],"line":27},"7":{"loc":{"start":{"line":29,"column":13},"end":{"line":31,"column":7}},"type":"if","locations":[{"start":{"line":29,"column":13},"end":{"line":31,"column":7}},{"start":{},"end":{}}],"line":29}},"s":{"0":1,"1":7,"2":5,"3":18,"4":7,"5":7,"6":7,"7":0,"8":7,"9":7,"10":3,"11":3,"12":1,"13":2,"14":0,"15":4,"16":4,"17":1,"18":3,"19":0,"20":5,"21":1},"f":{"0":7,"1":5,"2":18},"b":{"0":[18,16],"1":[0,7],"2":[3,4],"3":[1,2],"4":[0,2],"5":[4,0],"6":[1,3],"7":[0,3]},"_coverageSchema":"1a1c01bbd47fc00a2c39e90264f33305004495a9","hash":"1eca5b9adf02476bc7a01446c9ad1547dcb40794"}
,"/Users/reon.rash/Documents/StregthN/routes/administrator.js": {"path":"/Users/reon.rash/Documents/StregthN/routes/administrator.js","statementMap":{"0":{"start":{"line":1,"column":15},"end":{"line":1,"column":42}},"1":{"start":{"line":2,"column":13},"end":{"line":2,"column":29}},"2":{"start":{"line":7,"column":0},"end":{"line":49,"column":2}},"3":{"start":{"line":8,"column":35},"end":{"line":8,"column":43}},"4":{"start":{"line":9,"column":4},"end":{"line":48,"column":5}},"5":{"start":{"line":13,"column":20},"end":{"line":13,"column":103}},"6":{"start":{"line":14,"column":8},"end":{"line":20,"column":9}},"7":{"start":{"line":15,"column":30},"end":{"line":15,"column":123}},"8":{"start":{"line":16,"column":12},"end":{"line":16,"column":42}},"9":{"start":{"line":17,"column":12},"end":{"line":17,"column":53}},"10":{"start":{"line":19,"column":12},"end":{"line":19,"column":47}},"11":{"start":{"line":22,"column":8},"end":{"line":22,"column":27}},"12":{"start":{"line":23,"column":8},"end":{"line":44,"column":10}},"13":{"start":{"line":25,"column":29},"end":{"line":25,"column":132}},"14":{"start":{"line":26,"column":32},"end":{"line":26,"column":48}},"15":{"start":{"line":28,"column":12},"end":{"line":42,"column":14}},"16":{"start":{"line":31,"column":29},"end":{"line":31,"column":95}},"17":{"start":{"line":33,"column":16},"end":{"line":35,"column":17}},"18":{"start":{"line":34,"column":20},"end":{"line":34,"column":27}},"19":{"start":{"line":36,"column":42},"end":{"line":36,"column":54}},"20":{"start":{"line":37,"column":38},"end":{"line":37,"column":120}},"21":{"start":{"line":40,"column":42},"end":{"line":40,"column":149}},"22":{"start":{"line":45,"column":8},"end":{"line":45,"column":64}},"23":{"start":{"line":47,"column":8},"end":{"line":47,"column":47}},"24":{"start":{"line":51,"column":0},"end":{"line":51,"column":24}}},"fnMap":{"0":{"name":"(anonymous_0)","decl":{"start":{"line":7,"column":23},"end":{"line":7,"column":24}},"loc":{"start":{"line":7,"column":42},"end":{"line":49,"column":1}},"line":7},"1":{"name":"(anonymous_1)","decl":{"start":{"line":23,"column":39},"end":{"line":23,"column":40}},"loc":{"start":{"line":23,"column":65},"end":{"line":44,"column":9}},"line":23},"2":{"name":"(anonymous_2)","decl":{"start":{"line":28,"column":27},"end":{"line":28,"column":28}},"loc":{"start":{"line":28,"column":43},"end":{"line":42,"column":13}},"line":28}},"branchMap":{"0":{"loc":{"start":{"line":14,"column":8},"end":{"line":20,"column":9}},"type":"if","locations":[{"start":{"line":14,"column":8},"end":{"line":20,"column":9}},{"start":{"line":18,"column":15},"end":{"line":20,"column":9}}],"line":14},"1":{"loc":{"start":{"line":33,"column":16},"end":{"line":35,"column":17}},"type":"if","locations":[{"start":{"line":33,"column":16},"end":{"line":35,"column":17}},{"start":{},"end":{}}],"line":33}},"s":{"0":1,"1":1,"2":1,"3":1,"4":1,"5":1,"6":1,"7":1,"8":1,"9":1,"10":0,"11":1,"12":1,"13":2,"14":2,"15":2,"16":6,"17":6,"18":0,"19":6,"20":6,"21":6,"22":1,"23":0,"24":1},"f":{"0":1,"1":2,"2":6},"b":{"0":[1,0],"1":[0,6]},"_coverageSchema":"1a1c01bbd47fc00a2c39e90264f33305004495a9","hash":"36845db7261e655932027cce048310824d74545e"}
,"/Users/reon.rash/Documents/StregthN/routes/jwtAuth.js": {"path":"/Users/reon.rash/Documents/StregthN/routes/jwtAuth.js","statementMap":{"0":{"start":{"line":1,"column":15},"end":{"line":1,"column":42}},"1":{"start":{"line":2,"column":13},"end":{"line":2,"column":29}},"2":{"start":{"line":3,"column":15},"end":{"line":3,"column":32}},"3":{"start":{"line":4,"column":21},"end":{"line":4,"column":47}},"4":{"start":{"line":5,"column":18},"end":{"line":5,"column":52}},"5":{"start":{"line":6,"column":22},"end":{"line":6,"column":60}},"6":{"start":{"line":10,"column":0},"end":{"line":32,"column":2}},"7":{"start":{"line":11,"column":44},"end":{"line":11,"column":52}},"8":{"start":{"line":12,"column":4},"end":{"line":31,"column":5}},"9":{"start":{"line":13,"column":21},"end":{"line":13,"column":87}},"10":{"start":{"line":14,"column":8},"end":{"line":16,"column":9}},"11":{"start":{"line":15,"column":12},"end":{"line":15,"column":70}},"12":{"start":{"line":17,"column":26},"end":{"line":17,"column":50}},"13":{"start":{"line":18,"column":31},"end":{"line":18,"column":69}},"14":{"start":{"line":19,"column":8},"end":{"line":19,"column":36}},"15":{"start":{"line":20,"column":22},"end":{"line":20,"column":104}},"16":{"start":{"line":21,"column":23},"end":{"line":21,"column":60}},"17":{"start":{"line":23,"column":24},"end":{"line":23,"column":55}},"18":{"start":{"line":24,"column":22},"end":{"line":24,"column":58}},"19":{"start":{"line":25,"column":8},"end":{"line":25,"column":37}},"20":{"start":{"line":26,"column":8},"end":{"line":26,"column":36}},"21":{"start":{"line":29,"column":8},"end":{"line":29,"column":33}},"22":{"start":{"line":30,"column":8},"end":{"line":30,"column":45}},"23":{"start":{"line":34,"column":0},"end":{"line":54,"column":2}},"24":{"start":{"line":35,"column":4},"end":{"line":53,"column":5}},"25":{"start":{"line":36,"column":34},"end":{"line":36,"column":42}},"26":{"start":{"line":37,"column":21},"end":{"line":37,"column":86}},"27":{"start":{"line":38,"column":8},"end":{"line":40,"column":9}},"28":{"start":{"line":39,"column":12},"end":{"line":39,"column":71}},"29":{"start":{"line":41,"column":30},"end":{"line":41,"column":80}},"30":{"start":{"line":42,"column":8},"end":{"line":42,"column":34}},"31":{"start":{"line":43,"column":8},"end":{"line":45,"column":9}},"32":{"start":{"line":44,"column":12},"end":{"line":44,"column":73}},"33":{"start":{"line":47,"column":22},"end":{"line":47,"column":55}},"34":{"start":{"line":48,"column":8},"end":{"line":48,"column":36}},"35":{"start":{"line":51,"column":8},"end":{"line":51,"column":33}},"36":{"start":{"line":52,"column":8},"end":{"line":52,"column":52}},"37":{"start":{"line":55,"column":0},"end":{"line":63,"column":2}},"38":{"start":{"line":56,"column":4},"end":{"line":62,"column":5}},"39":{"start":{"line":57,"column":8},"end":{"line":57,"column":23}},"40":{"start":{"line":60,"column":8},"end":{"line":60,"column":33}},"41":{"start":{"line":61,"column":8},"end":{"line":61,"column":52}},"42":{"start":{"line":66,"column":0},"end":{"line":66,"column":24}}},"fnMap":{"0":{"name":"(anonymous_0)","decl":{"start":{"line":10,"column":36},"end":{"line":10,"column":37}},"loc":{"start":{"line":10,"column":55},"end":{"line":32,"column":1}},"line":10},"1":{"name":"(anonymous_1)","decl":{"start":{"line":34,"column":33},"end":{"line":34,"column":34}},"loc":{"start":{"line":34,"column":52},"end":{"line":54,"column":1}},"line":34},"2":{"name":"(anonymous_2)","decl":{"start":{"line":55,"column":38},"end":{"line":55,"column":39}},"loc":{"start":{"line":55,"column":57},"end":{"line":63,"column":1}},"line":55}},"branchMap":{"0":{"loc":{"start":{"line":14,"column":8},"end":{"line":16,"column":9}},"type":"if","locations":[{"start":{"line":14,"column":8},"end":{"line":16,"column":9}},{"start":{},"end":{}}],"line":14},"1":{"loc":{"start":{"line":38,"column":8},"end":{"line":40,"column":9}},"type":"if","locations":[{"start":{"line":38,"column":8},"end":{"line":40,"column":9}},{"start":{},"end":{}}],"line":38},"2":{"loc":{"start":{"line":43,"column":8},"end":{"line":45,"column":9}},"type":"if","locations":[{"start":{"line":43,"column":8},"end":{"line":45,"column":9}},{"start":{},"end":{}}],"line":43}},"s":{"0":1,"1":1,"2":1,"3":1,"4":1,"5":1,"6":1,"7":2,"8":2,"9":2,"10":2,"11":1,"12":1,"13":1,"14":1,"15":1,"16":1,"17":1,"18":1,"19":1,"20":1,"21":0,"22":0,"23":1,"24":3,"25":3,"26":3,"27":3,"28":1,"29":2,"30":2,"31":2,"32":1,"33":1,"34":1,"35":0,"36":0,"37":1,"38":0,"39":0,"40":0,"41":0,"42":1},"f":{"0":2,"1":3,"2":0},"b":{"0":[1,1],"1":[1,2],"2":[1,1]},"_coverageSchema":"1a1c01bbd47fc00a2c39e90264f33305004495a9","hash":"5723d070d0404ed4e9586cd769e5ae246f43da3f"}
,"/Users/reon.rash/Documents/StregthN/routes/users.js": {"path":"/Users/reon.rash/Documents/StregthN/routes/users.js","statementMap":{"0":{"start":{"line":1,"column":15},"end":{"line":1,"column":42}},"1":{"start":{"line":2,"column":13},"end":{"line":2,"column":29}},"2":{"start":{"line":4,"column":22},"end":{"line":4,"column":60}},"3":{"start":{"line":8,"column":0},"end":{"line":33,"column":2}},"4":{"start":{"line":10,"column":4},"end":{"line":32,"column":5}},"5":{"start":{"line":11,"column":21},"end":{"line":11,"column":29}},"6":{"start":{"line":12,"column":26},"end":{"line":12,"column":145}},"7":{"start":{"line":13,"column":25},"end":{"line":13,"column":200}},"8":{"start":{"line":14,"column":23},"end":{"line":14,"column":139}},"9":{"start":{"line":15,"column":21},"end":{"line":15,"column":83}},"10":{"start":{"line":16,"column":20},"end":{"line":16,"column":147}},"11":{"start":{"line":17,"column":25},"end":{"line":23,"column":9}},"12":{"start":{"line":24,"column":8},"end":{"line":24,"column":55}},"13":{"start":{"line":29,"column":8},"end":{"line":29,"column":37}},"14":{"start":{"line":30,"column":8},"end":{"line":30,"column":33}},"15":{"start":{"line":31,"column":8},"end":{"line":31,"column":47}},"16":{"start":{"line":36,"column":0},"end":{"line":45,"column":2}},"17":{"start":{"line":38,"column":4},"end":{"line":44,"column":5}},"18":{"start":{"line":39,"column":21},"end":{"line":39,"column":29}},"19":{"start":{"line":40,"column":26},"end":{"line":40,"column":145}},"20":{"start":{"line":41,"column":8},"end":{"line":41,"column":32}},"21":{"start":{"line":43,"column":8},"end":{"line":43,"column":49}},"22":{"start":{"line":46,"column":0},"end":{"line":74,"column":2}},"23":{"start":{"line":48,"column":4},"end":{"line":73,"column":5}},"24":{"start":{"line":49,"column":21},"end":{"line":49,"column":29}},"25":{"start":{"line":50,"column":27},"end":{"line":50,"column":40}},"26":{"start":{"line":51,"column":8},"end":{"line":51,"column":31}},"27":{"start":{"line":52,"column":34},"end":{"line":52,"column":110}},"28":{"start":{"line":53,"column":28},"end":{"line":53,"column":50}},"29":{"start":{"line":54,"column":24},"end":{"line":54,"column":29}},"30":{"start":{"line":55,"column":8},"end":{"line":62,"column":9}},"31":{"start":{"line":56,"column":30},"end":{"line":56,"column":35}},"32":{"start":{"line":57,"column":12},"end":{"line":60,"column":13}},"33":{"start":{"line":58,"column":16},"end":{"line":58,"column":33}},"34":{"start":{"line":59,"column":16},"end":{"line":59,"column":22}},"35":{"start":{"line":63,"column":8},"end":{"line":65,"column":9}},"36":{"start":{"line":64,"column":12},"end":{"line":64,"column":71}},"37":{"start":{"line":66,"column":26},"end":{"line":66,"column":102}},"38":{"start":{"line":67,"column":8},"end":{"line":67,"column":32}},"39":{"start":{"line":70,"column":8},"end":{"line":70,"column":37}},"40":{"start":{"line":71,"column":8},"end":{"line":71,"column":33}},"41":{"start":{"line":72,"column":8},"end":{"line":72,"column":47}},"42":{"start":{"line":77,"column":0},"end":{"line":87,"column":2}},"43":{"start":{"line":79,"column":4},"end":{"line":86,"column":5}},"44":{"start":{"line":80,"column":21},"end":{"line":80,"column":29}},"45":{"start":{"line":82,"column":25},"end":{"line":82,"column":200}},"46":{"start":{"line":83,"column":8},"end":{"line":83,"column":43}},"47":{"start":{"line":85,"column":8},"end":{"line":85,"column":49}},"48":{"start":{"line":89,"column":0},"end":{"line":117,"column":2}},"49":{"start":{"line":91,"column":4},"end":{"line":116,"column":5}},"50":{"start":{"line":92,"column":21},"end":{"line":92,"column":29}},"51":{"start":{"line":93,"column":26},"end":{"line":93,"column":39}},"52":{"start":{"line":94,"column":8},"end":{"line":94,"column":30}},"53":{"start":{"line":95,"column":34},"end":{"line":95,"column":110}},"54":{"start":{"line":96,"column":28},"end":{"line":96,"column":50}},"55":{"start":{"line":97,"column":24},"end":{"line":97,"column":29}},"56":{"start":{"line":98,"column":8},"end":{"line":105,"column":9}},"57":{"start":{"line":99,"column":30},"end":{"line":99,"column":35}},"58":{"start":{"line":100,"column":12},"end":{"line":103,"column":13}},"59":{"start":{"line":101,"column":16},"end":{"line":101,"column":33}},"60":{"start":{"line":102,"column":16},"end":{"line":102,"column":22}},"61":{"start":{"line":106,"column":8},"end":{"line":108,"column":9}},"62":{"start":{"line":107,"column":12},"end":{"line":107,"column":78}},"63":{"start":{"line":109,"column":25},"end":{"line":109,"column":124}},"64":{"start":{"line":110,"column":8},"end":{"line":110,"column":31}},"65":{"start":{"line":113,"column":8},"end":{"line":113,"column":37}},"66":{"start":{"line":114,"column":8},"end":{"line":114,"column":33}},"67":{"start":{"line":115,"column":8},"end":{"line":115,"column":47}},"68":{"start":{"line":119,"column":0},"end":{"line":150,"column":2}},"69":{"start":{"line":121,"column":4},"end":{"line":149,"column":5}},"70":{"start":{"line":122,"column":28},"end":{"line":122,"column":36}},"71":{"start":{"line":123,"column":8},"end":{"line":125,"column":9}},"72":{"start":{"line":124,"column":12},"end":{"line":124,"column":64}},"73":{"start":{"line":126,"column":21},"end":{"line":126,"column":29}},"74":{"start":{"line":127,"column":26},"end":{"line":127,"column":39}},"75":{"start":{"line":128,"column":34},"end":{"line":128,"column":110}},"76":{"start":{"line":129,"column":28},"end":{"line":129,"column":50}},"77":{"start":{"line":130,"column":24},"end":{"line":130,"column":29}},"78":{"start":{"line":131,"column":8},"end":{"line":138,"column":9}},"79":{"start":{"line":132,"column":30},"end":{"line":132,"column":35}},"80":{"start":{"line":133,"column":12},"end":{"line":136,"column":13}},"81":{"start":{"line":134,"column":16},"end":{"line":134,"column":33}},"82":{"start":{"line":135,"column":16},"end":{"line":135,"column":22}},"83":{"start":{"line":139,"column":8},"end":{"line":141,"column":9}},"84":{"start":{"line":140,"column":12},"end":{"line":140,"column":90}},"85":{"start":{"line":142,"column":27},"end":{"line":142,"column":136}},"86":{"start":{"line":143,"column":8},"end":{"line":143,"column":33}},"87":{"start":{"line":146,"column":8},"end":{"line":146,"column":37}},"88":{"start":{"line":147,"column":8},"end":{"line":147,"column":33}},"89":{"start":{"line":148,"column":8},"end":{"line":148,"column":47}},"90":{"start":{"line":154,"column":0},"end":{"line":154,"column":24}}},"fnMap":{"0":{"name":"(anonymous_0)","decl":{"start":{"line":8,"column":36},"end":{"line":8,"column":37}},"loc":{"start":{"line":8,"column":55},"end":{"line":33,"column":1}},"line":8},"1":{"name":"(anonymous_1)","decl":{"start":{"line":36,"column":41},"end":{"line":36,"column":42}},"loc":{"start":{"line":36,"column":60},"end":{"line":45,"column":1}},"line":36},"2":{"name":"(anonymous_2)","decl":{"start":{"line":46,"column":45},"end":{"line":46,"column":46}},"loc":{"start":{"line":46,"column":64},"end":{"line":74,"column":1}},"line":46},"3":{"name":"(anonymous_3)","decl":{"start":{"line":77,"column":40},"end":{"line":77,"column":41}},"loc":{"start":{"line":77,"column":59},"end":{"line":87,"column":1}},"line":77},"4":{"name":"(anonymous_4)","decl":{"start":{"line":89,"column":44},"end":{"line":89,"column":45}},"loc":{"start":{"line":89,"column":63},"end":{"line":117,"column":1}},"line":89},"5":{"name":"(anonymous_5)","decl":{"start":{"line":119,"column":45},"end":{"line":119,"column":46}},"loc":{"start":{"line":119,"column":64},"end":{"line":150,"column":1}},"line":119}},"branchMap":{"0":{"loc":{"start":{"line":57,"column":12},"end":{"line":60,"column":13}},"type":"if","locations":[{"start":{"line":57,"column":12},"end":{"line":60,"column":13}},{"start":{},"end":{}}],"line":57},"1":{"loc":{"start":{"line":63,"column":8},"end":{"line":65,"column":9}},"type":"if","locations":[{"start":{"line":63,"column":8},"end":{"line":65,"column":9}},{"start":{},"end":{}}],"line":63},"2":{"loc":{"start":{"line":100,"column":12},"end":{"line":103,"column":13}},"type":"if","locations":[{"start":{"line":100,"column":12},"end":{"line":103,"column":13}},{"start":{},"end":{}}],"line":100},"3":{"loc":{"start":{"line":106,"column":8},"end":{"line":108,"column":9}},"type":"if","locations":[{"start":{"line":106,"column":8},"end":{"line":108,"column":9}},{"start":{},"end":{}}],"line":106},"4":{"loc":{"start":{"line":123,"column":8},"end":{"line":125,"column":9}},"type":"if","locations":[{"start":{"line":123,"column":8},"end":{"line":125,"column":9}},{"start":{},"end":{}}],"line":123},"5":{"loc":{"start":{"line":133,"column":12},"end":{"line":136,"column":13}},"type":"if","locations":[{"start":{"line":133,"column":12},"end":{"line":136,"column":13}},{"start":{},"end":{}}],"line":133},"6":{"loc":{"start":{"line":139,"column":8},"end":{"line":141,"column":9}},"type":"if","locations":[{"start":{"line":139,"column":8},"end":{"line":141,"column":9}},{"start":{},"end":{}}],"line":139}},"s":{"0":1,"1":1,"2":1,"3":1,"4":1,"5":1,"6":1,"7":1,"8":1,"9":1,"10":1,"11":1,"12":1,"13":0,"14":0,"15":0,"16":1,"17":1,"18":1,"19":1,"20":1,"21":0,"22":1,"23":1,"24":1,"25":1,"26":1,"27":1,"28":1,"29":1,"30":1,"31":1,"32":1,"33":0,"34":0,"35":1,"36":1,"37":0,"38":0,"39":0,"40":0,"41":0,"42":1,"43":1,"44":1,"45":1,"46":1,"47":0,"48":1,"49":2,"50":2,"51":2,"52":2,"53":2,"54":2,"55":2,"56":2,"57":0,"58":0,"59":0,"60":0,"61":2,"62":2,"63":0,"64":0,"65":0,"66":0,"67":0,"68":1,"69":0,"70":0,"71":0,"72":0,"73":0,"74":0,"75":0,"76":0,"77":0,"78":0,"79":0,"80":0,"81":0,"82":0,"83":0,"84":0,"85":0,"86":0,"87":0,"88":0,"89":0,"90":1},"f":{"0":1,"1":1,"2":1,"3":1,"4":2,"5":0},"b":{"0":[0,1],"1":[1,0],"2":[0,0],"3":[2,0],"4":[0,0],"5":[0,0],"6":[0,0]},"_coverageSchema":"1a1c01bbd47fc00a2c39e90264f33305004495a9","hash":"3b2686ba3e200a7d47035f0e855765b904ce03c7"}
}
