TN:
SF:app.js
FN:16,(anonymous_0)
FNF:1
FNH:0
FNDA:0,(anonymous_0)
DA:1,1
DA:2,1
DA:4,1
DA:5,1
DA:6,1
DA:7,1
DA:10,1
DA:11,1
DA:13,1
DA:14,1
DA:15,1
DA:16,1
DA:17,0
DA:20,1
LF:14
LH:13
BRF:0
BRH:0
end_of_record
TN:
SF:db.js
FNF:0
FNH:0
DA:1,1
DA:3,1
DA:12,1
LF:3
LH:3
BRF:0
BRH:0
end_of_record
TN:
SF:jwtGenerator.js
FN:3,(anonymous_0)
FNF:1
FNH:1
FNDA:2,(anonymous_0)
DA:1,1
DA:3,1
DA:4,2
DA:9,2
DA:12,1
LF:5
LH:5
BRF:0
BRH:0
end_of_record
TN:
SF:middleware/authorization.js
FN:3,(anonymous_0)
FNF:1
FNH:1
FNDA:7,(anonymous_0)
DA:1,1
DA:3,1
DA:4,7
DA:5,7
DA:6,7
DA:7,1
DA:9,6
DA:10,6
DA:11,6
DA:12,6
DA:15,0
DA:16,0
DA:21,1
LF:13
LH:11
BRDA:6,0,0,1
BRDA:6,0,1,6
BRF:2
BRH:2
end_of_record
TN:
SF:middleware/validInfo.js
FN:2,(anonymous_0)
FN:5,validEmail
FN:8,isBlank
FNF:3
FNH:3
FNDA:7,(anonymous_0)
FNDA:5,validEmail
FNDA:18,isBlank
DA:2,1
DA:3,7
DA:6,5
DA:9,18
DA:12,7
DA:13,7
DA:14,7
DA:15,0
DA:17,7
DA:19,7
DA:20,3
DA:21,3
DA:22,1
DA:23,2
DA:24,0
DA:26,4
DA:27,4
DA:28,1
DA:29,3
DA:30,0
DA:34,5
DA:37,1
LF:22
LH:19
BRDA:9,0,0,18
BRDA:9,0,1,16
BRDA:14,1,0,0
BRDA:14,1,1,7
BRDA:19,2,0,3
BRDA:19,2,1,4
BRDA:21,3,0,1
BRDA:21,3,1,2
BRDA:23,4,0,0
BRDA:23,4,1,2
BRDA:26,5,0,4
BRDA:26,5,1,0
BRDA:27,6,0,1
BRDA:27,6,1,3
BRDA:29,7,0,0
BRDA:29,7,1,3
BRF:16
BRH:12
end_of_record
TN:
SF:routes/administrator.js
FN:7,(anonymous_0)
FN:23,(anonymous_1)
FN:28,(anonymous_2)
FNF:3
FNH:3
FNDA:1,(anonymous_0)
FNDA:2,(anonymous_1)
FNDA:6,(anonymous_2)
DA:1,1
DA:2,1
DA:7,1
DA:8,1
DA:9,1
DA:13,1
DA:14,1
DA:15,1
DA:16,1
DA:17,1
DA:19,0
DA:22,1
DA:23,1
DA:25,2
DA:26,2
DA:28,2
DA:31,6
DA:33,6
DA:34,0
DA:36,6
DA:37,6
DA:40,6
DA:45,1
DA:47,0
DA:51,1
LF:25
LH:22
BRDA:14,0,0,1
BRDA:14,0,1,0
BRDA:33,1,0,0
BRDA:33,1,1,6
BRF:4
BRH:2
end_of_record
TN:
SF:routes/jwtAuth.js
FN:10,(anonymous_0)
FN:34,(anonymous_1)
FN:55,(anonymous_2)
FNF:3
FNH:2
FNDA:2,(anonymous_0)
FNDA:3,(anonymous_1)
FNDA:0,(anonymous_2)
DA:1,1
DA:2,1
DA:3,1
DA:4,1
DA:5,1
DA:6,1
DA:10,1
DA:11,2
DA:12,2
DA:13,2
DA:14,2
DA:15,1
DA:17,1
DA:18,1
DA:19,1
DA:20,1
DA:21,1
DA:23,1
DA:24,1
DA:25,1
DA:26,1
DA:29,0
DA:30,0
DA:34,1
DA:35,3
DA:36,3
DA:37,3
DA:38,3
DA:39,1
DA:41,2
DA:42,2
DA:43,2
DA:44,1
DA:47,1
DA:48,1
DA:51,0
DA:52,0
DA:55,1
DA:56,0
DA:57,0
DA:60,0
DA:61,0
DA:66,1
LF:43
LH:35
BRDA:14,0,0,1
BRDA:14,0,1,1
BRDA:38,1,0,1
BRDA:38,1,1,2
BRDA:43,2,0,1
BRDA:43,2,1,1
BRF:6
BRH:6
end_of_record
TN:
SF:routes/users.js
FN:8,(anonymous_0)
FN:36,(anonymous_1)
FN:46,(anonymous_2)
FN:77,(anonymous_3)
FN:89,(anonymous_4)
FN:119,(anonymous_5)
FNF:6
FNH:5
FNDA:1,(anonymous_0)
FNDA:1,(anonymous_1)
FNDA:1,(anonymous_2)
FNDA:1,(anonymous_3)
FNDA:2,(anonymous_4)
FNDA:0,(anonymous_5)
DA:1,1
DA:2,1
DA:4,1
DA:8,1
DA:10,1
DA:11,1
DA:12,1
DA:13,1
DA:14,1
DA:15,1
DA:16,1
DA:17,1
DA:24,1
DA:29,0
DA:30,0
DA:31,0
DA:36,1
DA:38,1
DA:39,1
DA:40,1
DA:41,1
DA:43,0
DA:46,1
DA:48,1
DA:49,1
DA:50,1
DA:51,1
DA:52,1
DA:53,1
DA:54,1
DA:55,1
DA:56,1
DA:57,1
DA:58,0
DA:59,0
DA:63,1
DA:64,1
DA:66,0
DA:67,0
DA:70,0
DA:71,0
DA:72,0
DA:77,1
DA:79,1
DA:80,1
DA:82,1
DA:83,1
DA:85,0
DA:89,1
DA:91,2
DA:92,2
DA:93,2
DA:94,2
DA:95,2
DA:96,2
DA:97,2
DA:98,2
DA:99,0
DA:100,0
DA:101,0
DA:102,0
DA:106,2
DA:107,2
DA:109,0
DA:110,0
DA:113,0
DA:114,0
DA:115,0
DA:119,1
DA:121,0
DA:122,0
DA:123,0
DA:124,0
DA:126,0
DA:127,0
DA:128,0
DA:129,0
DA:130,0
DA:131,0
DA:132,0
DA:133,0
DA:134,0
DA:135,0
DA:139,0
DA:140,0
DA:142,0
DA:143,0
DA:146,0
DA:147,0
DA:148,0
DA:154,1
LF:91
LH:49
BRDA:57,0,0,0
BRDA:57,0,1,1
BRDA:63,1,0,1
BRDA:63,1,1,0
BRDA:100,2,0,0
BRDA:100,2,1,0
BRDA:106,3,0,2
BRDA:106,3,1,0
BRDA:123,4,0,0
BRDA:123,4,1,0
BRDA:133,5,0,0
BRDA:133,5,1,0
BRDA:139,6,0,0
BRDA:139,6,1,0
BRF:14
BRH:3
end_of_record
